Using pre-set license
Built from '6000.0/staging' branch; Version is '6000.0.39f1 (15ea7ed0b100) revision 1436286'; Using compiler version '193933523'; Build Type 'Release'
OS: 'Windows 11  (10.0.26100) 64bit CoreSingleLanguage' Language: 'en' Physical Memory: 11995 MB
BatchMode: 1, IsHumanControllingUs: 0, StartBugReporterOnCrash: 0, Is64bit: 1, IsPro: 1

COMMAND LINE ARGUMENTS:
C:\Program Files\Unity\Hub\Editor\6000.0.39f1\Editor\Unity.exe
-adb2
-batchMode
-noUpm
-name
AssetImportWorker7
-projectPath
D:/3.CreateGame/PrisonOfTheKing
-logFile
Logs/AssetImportWorker7.log
-srvPort
60717
-job-worker-count
5
-background-job-worker-count
8
-gc-helper-count
1
Successfully changed project path to: D:/3.CreateGame/PrisonOfTheKing
D:/3.CreateGame/PrisonOfTheKing
[UnityMemory] Configuration Parameters - Can be set up in boot.config
    "memorysetup-bucket-allocator-granularity=16"
    "memorysetup-bucket-allocator-bucket-count=8"
    "memorysetup-bucket-allocator-block-size=33554432"
    "memorysetup-bucket-allocator-block-count=8"
    "memorysetup-main-allocator-block-size=16777216"
    "memorysetup-thread-allocator-block-size=16777216"
    "memorysetup-gfx-main-allocator-block-size=16777216"
    "memorysetup-gfx-thread-allocator-block-size=16777216"
    "memorysetup-cache-allocator-block-size=4194304"
    "memorysetup-typetree-allocator-block-size=2097152"
    "memorysetup-profiler-bucket-allocator-granularity=16"
    "memorysetup-profiler-bucket-allocator-bucket-count=8"
    "memorysetup-profiler-bucket-allocator-block-size=33554432"
    "memorysetup-profiler-bucket-allocator-block-count=8"
    "memorysetup-profiler-allocator-block-size=16777216"
    "memorysetup-profiler-editor-allocator-block-size=1048576"
    "memorysetup-temp-allocator-size-main=16777216"
    "memorysetup-job-temp-allocator-block-size=2097152"
    "memorysetup-job-temp-allocator-block-size-background=1048576"
    "memorysetup-job-temp-allocator-reduction-small-platforms=262144"
    "memorysetup-allocator-temp-initial-block-size-main=262144"
    "memorysetup-allocator-temp-initial-block-size-worker=262144"
    "memorysetup-temp-allocator-size-background-worker=32768"
    "memorysetup-temp-allocator-size-job-worker=262144"
    "memorysetup-temp-allocator-size-preload-manager=33554432"
    "memorysetup-temp-allocator-size-nav-mesh-worker=65536"
    "memorysetup-temp-allocator-size-audio-worker=65536"
    "memorysetup-temp-allocator-size-cloud-worker=32768"
    "memorysetup-temp-allocator-size-gi-baking-worker=262144"
    "memorysetup-temp-allocator-size-gi-baking-worker=262144"
    "memorysetup-temp-allocator-size-gi-baking-worker=262144"
    "memorysetup-temp-allocator-size-gi-baking-worker=262144"
    "memorysetup-temp-allocator-size-gi-baking-worker=262144"
    "memorysetup-temp-allocator-size-gfx=262144"
Player connection [12228]  Target information:

Player connection [12228]  * "[IP] 172.21.16.1 [Port] 0 [Flags] 2 [Guid] 4197886632 [EditorId] 4197886632 [Version] 1048832 [Id] WindowsEditor(7,NGUYEN-HUN) [Debug] 1 [PackageName] WindowsEditor [ProjectName] Editor" 

Player connection [12228]  * "[IP] 192.168.2.39 [Port] 0 [Flags] 2 [Guid] 4197886632 [EditorId] 4197886632 [Version] 1048832 [Id] WindowsEditor(7,NGUYEN-HUN) [Debug] 1 [PackageName] WindowsEditor [ProjectName] Editor" 

Unable to join player connection multicast group (err: 10013).
Player connection [12228] Host joined alternative multi-casting on [225.0.0.222:34997]...
JobSystem: Creating JobQueue using job-worker-count value 5
Input System module state changed to: Initialized.
[Physics::Module] Initialized fallback backend.
[Physics::Module] Id: 0xdecafbad
Library Redirect Path: Library/
[Physics::Module] Selected backend.
[Physics::Module] Name: PhysX
[Physics::Module] Id: 0xf2b8ea05
[Physics::Module] SDK Version: 4.1.2
[Physics::Module] Integration Version: 1.0.0
[Physics::Module] Threading Mode: Multi-Threaded
Refreshing native plugins compatible for Editor in 15.12 ms, found 4 plugins.
Preloading 0 native plugins for Editor in 0.00 ms.
Initialize engine version: 6000.0.39f1 (15ea7ed0b100)
[Subsystems] Discovering subsystems at path C:/Program Files/Unity/Hub/Editor/6000.0.39f1/Editor/Data/Resources/UnitySubsystems
[Subsystems] Discovering subsystems at path D:/3.CreateGame/PrisonOfTheKing/Assets
GfxDevice: creating device client; kGfxThreadingModeNonThreaded
Direct3D:
    Version:  Direct3D 11.0 [level 11.1]
    Renderer: NVIDIA GeForce RTX 2050 (ID=0x25ed)
    Vendor:   NVIDIA
    VRAM:     3964 MB
    Driver:   32.0.15.7262
Initialize mono
Mono path[0] = 'C:/Program Files/Unity/Hub/Editor/6000.0.39f1/Editor/Data/Managed'
Mono path[1] = 'C:/Program Files/Unity/Hub/Editor/6000.0.39f1/Editor/Data/MonoBleedingEdge/lib/mono/unityjit-win32'
Mono config path = 'C:/Program Files/Unity/Hub/Editor/6000.0.39f1/Editor/Data/MonoBleedingEdge/etc'
Using monoOptions --debugger-agent=transport=dt_socket,embedding=1,server=y,suspend=n,address=127.0.0.1:56472
Begin MonoManager ReloadAssembly
Registering precompiled unity dll's ...
Register platform support module: C:/Program Files/Unity/Hub/Editor/6000.0.39f1/Editor/Data/PlaybackEngines/WebGLSupport/UnityEditor.WebGL.Extensions.dll
Register platform support module: C:/Program Files/Unity/Hub/Editor/6000.0.39f1/Editor/Data/PlaybackEngines/WindowsStandaloneSupport/UnityEditor.WindowsStandalone.Extensions.dll
Register platform support module: C:/Program Files/Unity/Hub/Editor/6000.0.39f1/Editor/Data/PlaybackEngines/AndroidPlayer/UnityEditor.Android.Extensions.dll
Registered in 0.009605 seconds.
- Loaded All Assemblies, in  0.567 seconds
Native extension for Android target not found
Android Extension - Scanning For ADB Devices 505 ms
Native extension for WindowsStandalone target not found
Native extension for WebGL target not found
Mono: successfully reloaded assembly
- Finished resetting the current domain, in  1.012 seconds
Domain Reload Profiling: 1576ms
	BeginReloadAssembly (235ms)
		ExecutionOrderSort (0ms)
		DisableScriptedObjects (0ms)
		BackupInstance (0ms)
		ReleaseScriptingObjects (0ms)
		CreateAndSetChildDomain (1ms)
	RebuildCommonClasses (41ms)
	RebuildNativeTypeToScriptingClass (13ms)
	initialDomainReloadingComplete (67ms)
	LoadAllAssembliesAndSetupDomain (207ms)
		LoadAssemblies (232ms)
		RebuildTransferFunctionScriptingTraits (0ms)
		AnalyzeDomain (202ms)
			TypeCache.Refresh (200ms)
				TypeCache.ScanAssembly (185ms)
			BuildScriptInfoCaches (0ms)
			ResolveRequiredComponents (1ms)
	FinalizeReload (1013ms)
		ReleaseScriptCaches (0ms)
		RebuildScriptCaches (0ms)
		SetupLoadedEditorAssemblies (956ms)
			LogAssemblyErrors (0ms)
			InitializePlatformSupportModulesInManaged (678ms)
			SetLoadedEditorAssemblies (6ms)
			BeforeProcessingInitializeOnLoad (63ms)
			ProcessInitializeOnLoadAttributes (142ms)
			ProcessInitializeOnLoadMethodAttributes (67ms)
			AfterProcessingInitializeOnLoad (0ms)
			EditorAssembliesLoaded (0ms)
		ExecutionOrderSort2 (0ms)
		AwakeInstancesAfterBackupRestoration (0ms)
========================================================================
Worker process is ready to serve import requests
Import Worker Mode flag is 0x00
Begin MonoManager ReloadAssembly
- Loaded All Assemblies, in  1.580 seconds
Refreshing native plugins compatible for Editor in 2.69 ms, found 4 plugins.
Native extension for Android target not found
Native extension for WindowsStandalone target not found
Native extension for WebGL target not found
Mono: successfully reloaded assembly
- Finished resetting the current domain, in  1.664 seconds
Domain Reload Profiling: 3240ms
	BeginReloadAssembly (300ms)
		ExecutionOrderSort (0ms)
		DisableScriptedObjects (13ms)
		BackupInstance (0ms)
		ReleaseScriptingObjects (0ms)
		CreateAndSetChildDomain (45ms)
	RebuildCommonClasses (52ms)
	RebuildNativeTypeToScriptingClass (12ms)
	initialDomainReloadingComplete (45ms)
	LoadAllAssembliesAndSetupDomain (1166ms)
		LoadAssemblies (868ms)
		RebuildTransferFunctionScriptingTraits (0ms)
		AnalyzeDomain (475ms)
			TypeCache.Refresh (367ms)
				TypeCache.ScanAssembly (330ms)
			BuildScriptInfoCaches (86ms)
			ResolveRequiredComponents (17ms)
	FinalizeReload (1664ms)
		ReleaseScriptCaches (0ms)
		RebuildScriptCaches (0ms)
		SetupLoadedEditorAssemblies (1385ms)
			LogAssemblyErrors (0ms)
			InitializePlatformSupportModulesInManaged (19ms)
			SetLoadedEditorAssemblies (13ms)
			BeforeProcessingInitializeOnLoad (256ms)
			ProcessInitializeOnLoadAttributes (885ms)
			ProcessInitializeOnLoadMethodAttributes (206ms)
			AfterProcessingInitializeOnLoad (6ms)
			EditorAssembliesLoaded (0ms)
		ExecutionOrderSort2 (0ms)
		AwakeInstancesAfterBackupRestoration (6ms)
Launched and connected shader compiler UnityShaderCompiler.exe after 0.03 seconds
Refreshing native plugins compatible for Editor in 1.63 ms, found 4 plugins.
Preloading 0 native plugins for Editor in 0.00 ms.
Unloading 221 Unused Serialized files (Serialized files now loaded: 0)
Unloading 6749 unused Assets / (5.2 MB). Loaded Objects now: 7467.
Memory consumption went from 180.2 MB to 175.0 MB.
Total: 12.156500 ms (FindLiveObjects: 0.715400 ms CreateObjectMapping: 0.723900 ms MarkObjects: 7.650800 ms  DeleteObjects: 3.064500 ms)

========================================================================
Received Import Request.
  Time since last request: 178543.025774 seconds.
  path: Assets/Data/Level3/LV3_1.asset
  artifactKey: Guid(dc4f80de3bb716d46be3f8c78aa6730f) Importer(815301076,1909f56bfc062723c751e8b465ee728b)
Start importing Assets/Data/Level3/LV3_1.asset using Guid(dc4f80de3bb716d46be3f8c78aa6730f) Importer(815301076,1909f56bfc062723c751e8b465ee728b) (PreviewImporter) -> (artifact id: '780d05ba0d444db0d54b2feb1b6d6d04') in 0.0477295 seconds
Number of updated asset objects reloaded before import = 0Number of asset objects unloaded after import = 3

========================================================================
Received Import Request.
  Time since last request: 18.621666 seconds.
  path: Assets/Sprite/Charactor/King/Door In (78x58).png
  artifactKey: Guid(68b3246e2a4220f4eac3b01b0c489f97) Importer(815301076,1909f56bfc062723c751e8b465ee728b)
Start importing Assets/Sprite/Charactor/King/Door In (78x58).png using Guid(68b3246e2a4220f4eac3b01b0c489f97) Importer(815301076,1909f56bfc062723c751e8b465ee728b) (PreviewImporter) -> (artifact id: '06d2726c0dfea09df7d0f3c7e6c4d22b') in 0.5552724 seconds
Number of updated asset objects reloaded before import = 0Number of asset objects unloaded after import = 10

========================================================================
Received Import Request.
  Time since last request: 129.804844 seconds.
  path: Assets/Sprite/Charactor/King/Idle (78x58).png
  artifactKey: Guid(e5caba026f7a32342a2300ea74a32787) Importer(815301076,1909f56bfc062723c751e8b465ee728b)
Start importing Assets/Sprite/Charactor/King/Idle (78x58).png using Guid(e5caba026f7a32342a2300ea74a32787) Importer(815301076,1909f56bfc062723c751e8b465ee728b) (PreviewImporter) -> (artifact id: '02fe42a5e4e43c9e838d4a913df10bab') in 0.1156772 seconds
Number of updated asset objects reloaded before import = 0Number of asset objects unloaded after import = 12

========================================================================
Received Prepare
Begin MonoManager ReloadAssembly
- Loaded All Assemblies, in  1.138 seconds
Refreshing native plugins compatible for Editor in 1.92 ms, found 4 plugins.
Native extension for Android target not found
Native extension for WindowsStandalone target not found
Native extension for WebGL target not found
Mono: successfully reloaded assembly
- Finished resetting the current domain, in  1.723 seconds
Domain Reload Profiling: 2862ms
	BeginReloadAssembly (289ms)
		ExecutionOrderSort (0ms)
		DisableScriptedObjects (19ms)
		BackupInstance (0ms)
		ReleaseScriptingObjects (0ms)
		CreateAndSetChildDomain (75ms)
	RebuildCommonClasses (42ms)
	RebuildNativeTypeToScriptingClass (13ms)
	initialDomainReloadingComplete (35ms)
	LoadAllAssembliesAndSetupDomain (759ms)
		LoadAssemblies (571ms)
		RebuildTransferFunctionScriptingTraits (0ms)
		AnalyzeDomain (321ms)
			TypeCache.Refresh (11ms)
				TypeCache.ScanAssembly (0ms)
			BuildScriptInfoCaches (286ms)
			ResolveRequiredComponents (19ms)
	FinalizeReload (1724ms)
		ReleaseScriptCaches (0ms)
		RebuildScriptCaches (0ms)
		SetupLoadedEditorAssemblies (1416ms)
			LogAssemblyErrors (0ms)
			InitializePlatformSupportModulesInManaged (19ms)
			SetLoadedEditorAssemblies (9ms)
			BeforeProcessingInitializeOnLoad (265ms)
			ProcessInitializeOnLoadAttributes (1006ms)
			ProcessInitializeOnLoadMethodAttributes (109ms)
			AfterProcessingInitializeOnLoad (8ms)
			EditorAssembliesLoaded (0ms)
		ExecutionOrderSort2 (0ms)
		AwakeInstancesAfterBackupRestoration (22ms)
Refreshing native plugins compatible for Editor in 2.92 ms, found 4 plugins.
Preloading 0 native plugins for Editor in 0.00 ms.
Unloading 13 Unused Serialized files (Serialized files now loaded: 0)
Unloading 6747 unused Assets / (5.0 MB). Loaded Objects now: 7491.
Memory consumption went from 152.2 MB to 147.1 MB.
Total: 19.929300 ms (FindLiveObjects: 2.376600 ms CreateObjectMapping: 1.371000 ms MarkObjects: 10.270200 ms  DeleteObjects: 5.908300 ms)

Prepare: number of updated asset objects reloaded= 0
========================================================================
Received Import Request.
  Time since last request: 199.278425 seconds.
  path: Assets/Sprite/Charactor/Captain/Idle 02.png
  artifactKey: Guid(23d1dc5cb94027249a685acf3a80bb08) Importer(815301076,1909f56bfc062723c751e8b465ee728b)
Start importing Assets/Sprite/Charactor/Captain/Idle 02.png using Guid(23d1dc5cb94027249a685acf3a80bb08) Importer(815301076,1909f56bfc062723c751e8b465ee728b) (PreviewImporter) -> (artifact id: '7fa79d15722d62c7952a410ccc5e8230') in 0.298233 seconds
Number of updated asset objects reloaded before import = 0Number of asset objects unloaded after import = 3

========================================================================
Received Import Request.
  Time since last request: 0.000033 seconds.
  path: Assets/Sprite/Charactor/Captain/Idle 03.png
  artifactKey: Guid(9a801749b8ca48847a63fa43c6629c37) Importer(815301076,1909f56bfc062723c751e8b465ee728b)
Start importing Assets/Sprite/Charactor/Captain/Idle 03.png using Guid(9a801749b8ca48847a63fa43c6629c37) Importer(815301076,1909f56bfc062723c751e8b465ee728b) (PreviewImporter) -> (artifact id: 'df3cabfcf5d7103fb6593599edb370a7') in 0.1181423 seconds
Number of updated asset objects reloaded before import = 0Number of asset objects unloaded after import = 3

========================================================================
Received Import Request.
  Time since last request: 0.000053 seconds.
  path: Assets/Sprite/Item/Box/Idle.png
  artifactKey: Guid(673174dc6049d4b4ea12a086f406164a) Importer(815301076,1909f56bfc062723c751e8b465ee728b)
Start importing Assets/Sprite/Item/Box/Idle.png using Guid(673174dc6049d4b4ea12a086f406164a) Importer(815301076,1909f56bfc062723c751e8b465ee728b) (PreviewImporter) -> (artifact id: '690cf601c19f1c847bfc2fa0abd409f9') in 0.0433606 seconds
Number of updated asset objects reloaded before import = 0Number of asset objects unloaded after import = 3

========================================================================
Received Import Request.
  Time since last request: 0.000026 seconds.
  path: Assets/Sprite/Charactor/Captain/Idle 05.png
  artifactKey: Guid(4b2a0a238b2c0114f91e2089a79fd299) Importer(815301076,1909f56bfc062723c751e8b465ee728b)
Start importing Assets/Sprite/Charactor/Captain/Idle 05.png using Guid(4b2a0a238b2c0114f91e2089a79fd299) Importer(815301076,1909f56bfc062723c751e8b465ee728b) (PreviewImporter) -> (artifact id: 'dd66ce33bbb1e721188e4168b648ebd3') in 0.0362911 seconds
Number of updated asset objects reloaded before import = 0Number of asset objects unloaded after import = 3

========================================================================
Received Import Request.
  Time since last request: 2.652051 seconds.
  path: Assets/Sprite/Charactor/King/head.png
  artifactKey: Guid(a929ba6b726ad3048b6aec9f57c6d2fe) Importer(815301076,1909f56bfc062723c751e8b465ee728b)
Start importing Assets/Sprite/Charactor/King/head.png using Guid(a929ba6b726ad3048b6aec9f57c6d2fe) Importer(815301076,1909f56bfc062723c751e8b465ee728b) (PreviewImporter) -> (artifact id: 'b9d14135821a5dcbade55183cb257f49') in 0.0466378 seconds
Number of updated asset objects reloaded before import = 0Number of asset objects unloaded after import = 3

========================================================================
Received Import Request.
  Time since last request: 0.000113 seconds.
  path: Assets/Sprite/Charactor/King/GoUp.png
  artifactKey: Guid(c4e443a34a1513b44b09e8176de46ba8) Importer(815301076,1909f56bfc062723c751e8b465ee728b)
Start importing Assets/Sprite/Charactor/King/GoUp.png using Guid(c4e443a34a1513b44b09e8176de46ba8) Importer(815301076,1909f56bfc062723c751e8b465ee728b) (PreviewImporter) -> (artifact id: '75e8ff0b5cb3fe6bc0fdb4496d6af919') in 0.3003102 seconds
Number of updated asset objects reloaded before import = 0Number of asset objects unloaded after import = 3

========================================================================
Received Import Request.
  Time since last request: 0.000058 seconds.
  path: Assets/Sprite/Charactor/King/GetDown.png
  artifactKey: Guid(e8cd6faed92e4f044a42234661dda4a9) Importer(815301076,1909f56bfc062723c751e8b465ee728b)
Start importing Assets/Sprite/Charactor/King/GetDown.png using Guid(e8cd6faed92e4f044a42234661dda4a9) Importer(815301076,1909f56bfc062723c751e8b465ee728b) (PreviewImporter) -> (artifact id: '0cb667d1fecd2ab12c676a51cec6fb73') in 0.0318367 seconds
Number of updated asset objects reloaded before import = 0Number of asset objects unloaded after import = 3

========================================================================
Received Import Request.
  Time since last request: 0.000042 seconds.
  path: Assets/Sprite/Charactor/King/Ground (78x58).png
  artifactKey: Guid(7d9b67a0e3fb3f346aa3bd81be05fa24) Importer(815301076,1909f56bfc062723c751e8b465ee728b)
Start importing Assets/Sprite/Charactor/King/Ground (78x58).png using Guid(7d9b67a0e3fb3f346aa3bd81be05fa24) Importer(815301076,1909f56bfc062723c751e8b465ee728b) (PreviewImporter) -> (artifact id: '3ba6ebb3a8c031d63101c512b901ad15') in 0.0317273 seconds
Number of updated asset objects reloaded before import = 0Number of asset objects unloaded after import = 3

========================================================================
Received Import Request.
  Time since last request: 0.000093 seconds.
  path: Assets/Sprite/Charactor/King/GoRight.png
  artifactKey: Guid(66db6efd34619184fb24dfee6a2dda40) Importer(815301076,1909f56bfc062723c751e8b465ee728b)
Start importing Assets/Sprite/Charactor/King/GoRight.png using Guid(66db6efd34619184fb24dfee6a2dda40) Importer(815301076,1909f56bfc062723c751e8b465ee728b) (PreviewImporter) -> (artifact id: '00a0d933663be83f22b06894571dae6c') in 0.0351391 seconds
Number of updated asset objects reloaded before import = 0Number of asset objects unloaded after import = 3

========================================================================
Received Import Request.
  Time since last request: 38.746931 seconds.
  path: Assets/Data/Level4/LV4_4.asset
  artifactKey: Guid(404fdc361685446409f1fcedbcce6b15) Importer(815301076,1909f56bfc062723c751e8b465ee728b)
Start importing Assets/Data/Level4/LV4_4.asset using Guid(404fdc361685446409f1fcedbcce6b15) Importer(815301076,1909f56bfc062723c751e8b465ee728b) (PreviewImporter) -> (artifact id: 'bab8a6ae8b0af60069db980b79af5d6e') in 0.0062461 seconds
Number of updated asset objects reloaded before import = 0Number of asset objects unloaded after import = 2

========================================================================
Received Import Request.
  Time since last request: 707.400083 seconds.
  path: Assets/Data/Level5/LV5_1.asset
  artifactKey: Guid(6a9d20515fa43b943b698cfb06f42d01) Importer(815301076,1909f56bfc062723c751e8b465ee728b)
Start importing Assets/Data/Level5/LV5_1.asset using Guid(6a9d20515fa43b943b698cfb06f42d01) Importer(815301076,1909f56bfc062723c751e8b465ee728b) (PreviewImporter) -> (artifact id: 'efba3ce4273a7e153020af7ae175b49c') in 0.0297254 seconds
Number of updated asset objects reloaded before import = 0Number of asset objects unloaded after import = 3

========================================================================
Received Import Request.
  Time since last request: 0.000041 seconds.
  path: Assets/Data/Level5/LV5_6.asset
  artifactKey: Guid(3b08252f8ee0bcd43a92993410b8567c) Importer(815301076,1909f56bfc062723c751e8b465ee728b)
Start importing Assets/Data/Level5/LV5_6.asset using Guid(3b08252f8ee0bcd43a92993410b8567c) Importer(815301076,1909f56bfc062723c751e8b465ee728b) (PreviewImporter) -> (artifact id: 'b6b8be76407e8308b1da9f6a48913933') in 0.0231707 seconds
Number of updated asset objects reloaded before import = 0Number of asset objects unloaded after import = 2

========================================================================
Received Import Request.
  Time since last request: 357.712110 seconds.
  path: Assets/Sprite/Item/Key/Key.png
  artifactKey: Guid(376828fb14431604e9607652140f00c9) Importer(815301076,1909f56bfc062723c751e8b465ee728b)
Start importing Assets/Sprite/Item/Key/Key.png using Guid(376828fb14431604e9607652140f00c9) Importer(815301076,1909f56bfc062723c751e8b465ee728b) (PreviewImporter) -> (artifact id: 'f4fda3e2d033b858c2d69522ae54c72b') in 0.1214318 seconds
Number of updated asset objects reloaded before import = 0Number of asset objects unloaded after import = 5

========================================================================
Received Import Request.
  Time since last request: 0.000040 seconds.
  path: Assets/Sprite/Charactor/King/MV_Down.png
  artifactKey: Guid(9a33f5e77135d394f861c29724ec17b9) Importer(815301076,1909f56bfc062723c751e8b465ee728b)
Start importing Assets/Sprite/Charactor/King/MV_Down.png using Guid(9a33f5e77135d394f861c29724ec17b9) Importer(815301076,1909f56bfc062723c751e8b465ee728b) (PreviewImporter) -> (artifact id: 'eee93e661e351fb2dfa30dc985e622f9') in 0.0605708 seconds
Number of updated asset objects reloaded before import = 0Number of asset objects unloaded after import = 3

========================================================================
Received Import Request.
  Time since last request: 0.000035 seconds.
  path: Assets/Sprite/Charactor/Pig/MV_Up.png
  artifactKey: Guid(ec80685316f452949be015cce94e8530) Importer(815301076,1909f56bfc062723c751e8b465ee728b)
Start importing Assets/Sprite/Charactor/Pig/MV_Up.png using Guid(ec80685316f452949be015cce94e8530) Importer(815301076,1909f56bfc062723c751e8b465ee728b) (PreviewImporter) -> (artifact id: '0b46cf722e41e032e0552ec12858915c') in 0.0484253 seconds
Number of updated asset objects reloaded before import = 0Number of asset objects unloaded after import = 3

========================================================================
Received Import Request.
  Time since last request: 0.000021 seconds.
  path: Assets/Sprite/Charactor/Pig/MV_Down.png
  artifactKey: Guid(6e2f27b58aaa3bc4f90874cfc8fa48e5) Importer(815301076,1909f56bfc062723c751e8b465ee728b)
Start importing Assets/Sprite/Charactor/Pig/MV_Down.png using Guid(6e2f27b58aaa3bc4f90874cfc8fa48e5) Importer(815301076,1909f56bfc062723c751e8b465ee728b) (PreviewImporter) -> (artifact id: 'd69b3be5d3a3759d8240b074062d83e8') in 0.0334903 seconds
Number of updated asset objects reloaded before import = 0Number of asset objects unloaded after import = 3

Editor requested this worker to shutdown with reason: Scaling down because of idle timeout
AssetImportWorker is now disconnected from the server
Process exiting
Exiting without the bug reporter. Application will terminate with return code 0