Using pre-set license
Built from '6000.0/staging' branch; Version is '6000.0.39f1 (15ea7ed0b100) revision 1436286'; Using compiler version '193933523'; Build Type 'Release'
OS: 'Windows 11  (10.0.26100) 64bit CoreSingleLanguage' Language: 'en' Physical Memory: 11995 MB
BatchMode: 1, IsHumanControllingUs: 0, StartBugReporterOnCrash: 0, Is64bit: 1, IsPro: 1

COMMAND LINE ARGUMENTS:
C:\Program Files\Unity\Hub\Editor\6000.0.39f1\Editor\Unity.exe
-adb2
-batchMode
-noUpm
-name
AssetImportWorker2
-projectPath
D:/3.CreateGame/SpiritEscape
-logFile
Logs/AssetImportWorker2.log
-srvPort
63176
-job-worker-count
5
-background-job-worker-count
8
-gc-helper-count
1
Successfully changed project path to: D:/3.CreateGame/SpiritEscape
D:/3.CreateGame/SpiritEscape
[UnityMemory] Configuration Parameters - Can be set up in boot.config
    "memorysetup-bucket-allocator-granularity=16"
    "memorysetup-bucket-allocator-bucket-count=8"
    "memorysetup-bucket-allocator-block-size=33554432"
    "memorysetup-bucket-allocator-block-count=8"
    "memorysetup-main-allocator-block-size=16777216"
    "memorysetup-thread-allocator-block-size=16777216"
    "memorysetup-gfx-main-allocator-block-size=16777216"
    "memorysetup-gfx-thread-allocator-block-size=16777216"
    "memorysetup-cache-allocator-block-size=4194304"
    "memorysetup-typetree-allocator-block-size=2097152"
    "memorysetup-profiler-bucket-allocator-granularity=16"
    "memorysetup-profiler-bucket-allocator-bucket-count=8"
    "memorysetup-profiler-bucket-allocator-block-size=33554432"
    "memorysetup-profiler-bucket-allocator-block-count=8"
    "memorysetup-profiler-allocator-block-size=16777216"
    "memorysetup-profiler-editor-allocator-block-size=1048576"
    "memorysetup-temp-allocator-size-main=16777216"
    "memorysetup-job-temp-allocator-block-size=2097152"
    "memorysetup-job-temp-allocator-block-size-background=1048576"
    "memorysetup-job-temp-allocator-reduction-small-platforms=262144"
    "memorysetup-allocator-temp-initial-block-size-main=262144"
    "memorysetup-allocator-temp-initial-block-size-worker=262144"
    "memorysetup-temp-allocator-size-background-worker=32768"
    "memorysetup-temp-allocator-size-job-worker=262144"
    "memorysetup-temp-allocator-size-preload-manager=33554432"
    "memorysetup-temp-allocator-size-nav-mesh-worker=65536"
    "memorysetup-temp-allocator-size-audio-worker=65536"
    "memorysetup-temp-allocator-size-cloud-worker=32768"
    "memorysetup-temp-allocator-size-gi-baking-worker=262144"
    "memorysetup-temp-allocator-size-gi-baking-worker=262144"
    "memorysetup-temp-allocator-size-gi-baking-worker=262144"
    "memorysetup-temp-allocator-size-gi-baking-worker=262144"
    "memorysetup-temp-allocator-size-gi-baking-worker=262144"
    "memorysetup-temp-allocator-size-gfx=262144"
Player connection [15872]  Target information:

Player connection [15872]  * "[IP] 172.21.16.1 [Port] 0 [Flags] 2 [Guid] 1117813081 [EditorId] 1117813081 [Version] 1048832 [Id] WindowsEditor(7,NGUYEN-HUN) [Debug] 1 [PackageName] WindowsEditor [ProjectName] Editor" 

Player connection [15872]  * "[IP] 172.19.200.175 [Port] 0 [Flags] 2 [Guid] 1117813081 [EditorId] 1117813081 [Version] 1048832 [Id] WindowsEditor(7,NGUYEN-HUN) [Debug] 1 [PackageName] WindowsEditor [ProjectName] Editor" 

Player connection [15872] Host joined multi-casting on [225.0.0.222:54997]...
Player connection [15872] Host joined alternative multi-casting on [225.0.0.222:34997]...
JobSystem: Creating JobQueue using job-worker-count value 5
Input System module state changed to: Initialized.
[Physics::Module] Initialized fallback backend.
[Physics::Module] Id: 0xdecafbad
Library Redirect Path: Library/
[Physics::Module] Selected backend.
[Physics::Module] Name: PhysX
[Physics::Module] Id: 0xf2b8ea05
[Physics::Module] SDK Version: 4.1.2
[Physics::Module] Integration Version: 1.0.0
[Physics::Module] Threading Mode: Multi-Threaded
Refreshing native plugins compatible for Editor in 11.68 ms, found 4 plugins.
Preloading 0 native plugins for Editor in 0.00 ms.
Initialize engine version: 6000.0.39f1 (15ea7ed0b100)
[Subsystems] Discovering subsystems at path C:/Program Files/Unity/Hub/Editor/6000.0.39f1/Editor/Data/Resources/UnitySubsystems
[Subsystems] Discovering subsystems at path D:/3.CreateGame/SpiritEscape/Assets
GfxDevice: creating device client; kGfxThreadingModeNonThreaded
Direct3D:
    Version:  Direct3D 11.0 [level 11.1]
    Renderer: NVIDIA GeForce RTX 2050 (ID=0x25ed)
    Vendor:   NVIDIA
    VRAM:     3964 MB
    Driver:   32.0.15.7262
Initialize mono
Mono path[0] = 'C:/Program Files/Unity/Hub/Editor/6000.0.39f1/Editor/Data/Managed'
Mono path[1] = 'C:/Program Files/Unity/Hub/Editor/6000.0.39f1/Editor/Data/MonoBleedingEdge/lib/mono/unityjit-win32'
Mono config path = 'C:/Program Files/Unity/Hub/Editor/6000.0.39f1/Editor/Data/MonoBleedingEdge/etc'
Using monoOptions --debugger-agent=transport=dt_socket,embedding=1,server=y,suspend=n,address=127.0.0.1:56828
Begin MonoManager ReloadAssembly
Registering precompiled unity dll's ...
Register platform support module: C:/Program Files/Unity/Hub/Editor/6000.0.39f1/Editor/Data/PlaybackEngines/WebGLSupport/UnityEditor.WebGL.Extensions.dll
Register platform support module: C:/Program Files/Unity/Hub/Editor/6000.0.39f1/Editor/Data/PlaybackEngines/WindowsStandaloneSupport/UnityEditor.WindowsStandalone.Extensions.dll
Register platform support module: C:/Program Files/Unity/Hub/Editor/6000.0.39f1/Editor/Data/PlaybackEngines/AndroidPlayer/UnityEditor.Android.Extensions.dll
Registered in 0.010672 seconds.
- Loaded All Assemblies, in  0.628 seconds
Native extension for Android target not found
Android Extension - Scanning For ADB Devices 570 ms
Native extension for WindowsStandalone target not found
Native extension for WebGL target not found
Mono: successfully reloaded assembly
- Finished resetting the current domain, in  1.044 seconds
Domain Reload Profiling: 1668ms
	BeginReloadAssembly (283ms)
		ExecutionOrderSort (0ms)
		DisableScriptedObjects (0ms)
		BackupInstance (0ms)
		ReleaseScriptingObjects (0ms)
		CreateAndSetChildDomain (1ms)
	RebuildCommonClasses (53ms)
	RebuildNativeTypeToScriptingClass (16ms)
	initialDomainReloadingComplete (74ms)
	LoadAllAssembliesAndSetupDomain (197ms)
		LoadAssemblies (281ms)
		RebuildTransferFunctionScriptingTraits (0ms)
		AnalyzeDomain (191ms)
			TypeCache.Refresh (189ms)
				TypeCache.ScanAssembly (173ms)
			BuildScriptInfoCaches (0ms)
			ResolveRequiredComponents (1ms)
	FinalizeReload (1044ms)
		ReleaseScriptCaches (0ms)
		RebuildScriptCaches (0ms)
		SetupLoadedEditorAssemblies (978ms)
			LogAssemblyErrors (0ms)
			InitializePlatformSupportModulesInManaged (714ms)
			SetLoadedEditorAssemblies (6ms)
			BeforeProcessingInitializeOnLoad (61ms)
			ProcessInitializeOnLoadAttributes (124ms)
			ProcessInitializeOnLoadMethodAttributes (72ms)
			AfterProcessingInitializeOnLoad (0ms)
			EditorAssembliesLoaded (0ms)
		ExecutionOrderSort2 (0ms)
		AwakeInstancesAfterBackupRestoration (0ms)
========================================================================
Worker process is ready to serve import requests
Import Worker Mode flag is 0x00
Begin MonoManager ReloadAssembly
- Loaded All Assemblies, in  1.180 seconds
Refreshing native plugins compatible for Editor in 2.19 ms, found 4 plugins.
Native extension for Android target not found
Native extension for WindowsStandalone target not found
Native extension for WebGL target not found
Mono: successfully reloaded assembly
- Finished resetting the current domain, in  1.704 seconds
Domain Reload Profiling: 2881ms
	BeginReloadAssembly (236ms)
		ExecutionOrderSort (0ms)
		DisableScriptedObjects (9ms)
		BackupInstance (0ms)
		ReleaseScriptingObjects (0ms)
		CreateAndSetChildDomain (39ms)
	RebuildCommonClasses (42ms)
	RebuildNativeTypeToScriptingClass (15ms)
	initialDomainReloadingComplete (70ms)
	LoadAllAssembliesAndSetupDomain (813ms)
		LoadAssemblies (630ms)
		RebuildTransferFunctionScriptingTraits (0ms)
		AnalyzeDomain (326ms)
			TypeCache.Refresh (239ms)
				TypeCache.ScanAssembly (217ms)
			BuildScriptInfoCaches (71ms)
			ResolveRequiredComponents (12ms)
	FinalizeReload (1705ms)
		ReleaseScriptCaches (0ms)
		RebuildScriptCaches (0ms)
		SetupLoadedEditorAssemblies (1375ms)
			LogAssemblyErrors (0ms)
			InitializePlatformSupportModulesInManaged (21ms)
			SetLoadedEditorAssemblies (6ms)
			BeforeProcessingInitializeOnLoad (222ms)
			ProcessInitializeOnLoadAttributes (939ms)
			ProcessInitializeOnLoadMethodAttributes (181ms)
			AfterProcessingInitializeOnLoad (5ms)
			EditorAssembliesLoaded (0ms)
		ExecutionOrderSort2 (0ms)
		AwakeInstancesAfterBackupRestoration (6ms)
Launched and connected shader compiler UnityShaderCompiler.exe after 0.06 seconds
Refreshing native plugins compatible for Editor in 2.81 ms, found 4 plugins.
Preloading 0 native plugins for Editor in 0.00 ms.
Unloading 206 Unused Serialized files (Serialized files now loaded: 0)
Unloading 6702 unused Assets / (7.4 MB). Loaded Objects now: 7349.
Memory consumption went from 173.1 MB to 165.7 MB.
Total: 39.225300 ms (FindLiveObjects: 1.220600 ms CreateObjectMapping: 1.013700 ms MarkObjects: 25.747500 ms  DeleteObjects: 11.241500 ms)

========================================================================
Received Prepare
Refreshing native plugins compatible for Editor in 4.78 ms, found 4 plugins.
Preloading 0 native plugins for Editor in 0.00 ms.
Unloading 40 Unused Serialized files (Serialized files now loaded: 0)
Unloading 40 unused Assets / (3.8 MB). Loaded Objects now: 7349.
Memory consumption went from 141.2 MB to 137.3 MB.
Total: 480.681700 ms (FindLiveObjects: 1.729200 ms CreateObjectMapping: 1.189100 ms MarkObjects: 471.770200 ms  DeleteObjects: 5.987600 ms)

Prepare: number of updated asset objects reloaded= 146
AssetImportParameters requested are different than current active one (requested -> active):
  buildTarget: platform 13, subtarget 0, extendedPlatform 0 -> platform 19, subtarget 2, extendedPlatform 0
  graphicsApiMask: 2099200 -> 4
========================================================================
Received Prepare
Refreshing native plugins compatible for Editor in 4.08 ms, found 4 plugins.
Preloading 0 native plugins for Editor in 0.00 ms.
Unloading 40 Unused Serialized files (Serialized files now loaded: 0)
Unloading 40 unused Assets / (3.8 MB). Loaded Objects now: 7349.
Memory consumption went from 141.2 MB to 137.4 MB.
Total: 16.236400 ms (FindLiveObjects: 0.713200 ms CreateObjectMapping: 1.292200 ms MarkObjects: 12.096900 ms  DeleteObjects: 2.131200 ms)

Prepare: number of updated asset objects reloaded= 0
AssetImportParameters requested are different than current active one (requested -> active):
  buildTarget: platform 13, subtarget 0, extendedPlatform 0 -> platform 19, subtarget 2, extendedPlatform 0
  graphicsApiMask: 2099200 -> 4
========================================================================
Received Prepare
Begin MonoManager ReloadAssembly
- Loaded All Assemblies, in 11.047 seconds
Refreshing native plugins compatible for Editor in 7.74 ms, found 4 plugins.
Native extension for Android target not found
Native extension for WindowsStandalone target not found
Native extension for WebGL target not found
Mono: successfully reloaded assembly
- Finished resetting the current domain, in  3.947 seconds
Domain Reload Profiling: 14998ms
	BeginReloadAssembly (6477ms)
		ExecutionOrderSort (12ms)
		DisableScriptedObjects (1778ms)
		BackupInstance (0ms)
		ReleaseScriptingObjects (3ms)
		CreateAndSetChildDomain (2716ms)
	RebuildCommonClasses (98ms)
	RebuildNativeTypeToScriptingClass (31ms)
	initialDomainReloadingComplete (102ms)
	LoadAllAssembliesAndSetupDomain (4342ms)
		LoadAssemblies (4374ms)
		RebuildTransferFunctionScriptingTraits (0ms)
		AnalyzeDomain (1377ms)
			TypeCache.Refresh (734ms)
				TypeCache.ScanAssembly (611ms)
			BuildScriptInfoCaches (478ms)
			ResolveRequiredComponents (151ms)
	FinalizeReload (3949ms)
		ReleaseScriptCaches (0ms)
		RebuildScriptCaches (0ms)
		SetupLoadedEditorAssemblies (3103ms)
			LogAssemblyErrors (0ms)
			InitializePlatformSupportModulesInManaged (46ms)
			SetLoadedEditorAssemblies (15ms)
			BeforeProcessingInitializeOnLoad (832ms)
			ProcessInitializeOnLoadAttributes (1964ms)
			ProcessInitializeOnLoadMethodAttributes (221ms)
			AfterProcessingInitializeOnLoad (24ms)
			EditorAssembliesLoaded (2ms)
		ExecutionOrderSort2 (0ms)
		AwakeInstancesAfterBackupRestoration (52ms)
Refreshing native plugins compatible for Editor in 86.96 ms, found 4 plugins.
Preloading 0 native plugins for Editor in 0.00 ms.
Unloading 40 Unused Serialized files (Serialized files now loaded: 0)
Unloading 6700 unused Assets / (8.5 MB). Loaded Objects now: 7353.
Memory consumption went from 149.4 MB to 140.9 MB.
Total: 85.895500 ms (FindLiveObjects: 6.008600 ms CreateObjectMapping: 1.540900 ms MarkObjects: 66.054100 ms  DeleteObjects: 12.285900 ms)

Prepare: number of updated asset objects reloaded= 0
========================================================================
Received Import Request.
  Time since last request: 138857.346711 seconds.
  path: Assets/Sprite/Background/Decorations (32x32).png
  artifactKey: Guid(e753a740d0cd8d94ea6d58447bb113f9) Importer(815301076,1909f56bfc062723c751e8b465ee728b)
Start importing Assets/Sprite/Background/Decorations (32x32).png using Guid(e753a740d0cd8d94ea6d58447bb113f9) Importer(815301076,1909f56bfc062723c751e8b465ee728b) (PreviewImporter) -> (artifact id: 'c4681b01e5d302f933b7ba47b241522a') in 0.2434249 seconds
Number of updated asset objects reloaded before import = 0Number of asset objects unloaded after import = 8

========================================================================
Received Import Request.
  Time since last request: 16.872207 seconds.
  path: Assets/Sprite/Tilemap/New Tile Palette.prefab
  artifactKey: Guid(bced7db5fb0420444b936b3a4f1f6576) Importer(815301076,1909f56bfc062723c751e8b465ee728b)
Start importing Assets/Sprite/Tilemap/New Tile Palette.prefab using Guid(bced7db5fb0420444b936b3a4f1f6576) Importer(815301076,1909f56bfc062723c751e8b465ee728b) (PreviewImporter)State comes from an incompatible keyword space
Expected: From shader: 'Universal Render Pipeline/2D/Sprite-Lit-Default' Keyword count: 10 Keywords: STEREO_INSTANCING_ON UNITY_SINGLE_PASS_STEREO STEREO_MULTIVIEW_ON STEREO_CUBEMAP_RENDER_ON USE_SHAPE_LIGHT_TYPE_0 USE_SHAPE_LIGHT_TYPE_1 USE_SHAPE_LIGHT_TYPE_2 USE_SHAPE_LIGHT_TYPE_3 DEBUG_DISPLAY SKINNED_SPRITE
Actual: From shader: 'Hidden/InternalErrorShader' Keyword count: 7 Keywords: STEREO_INSTANCING_ON UNITY_SINGLE_PASS_STEREO STEREO_MULTIVIEW_ON STEREO_CUBEMAP_RENDER_ON FOG_LINEAR FOG_EXP FOG_EXP2
0x00007ff9a6799d2d (Unity) StackWalker::ShowCallstack
0x00007ff9a67a9ce9 (Unity) PlatformStacktrace::GetStacktrace
0x00007ff9a7a173ae (Unity) Stacktrace::GetStacktrace
0x00007ff9a7fbfeef (Unity) DebugStringToFile
0x00007ff9a7fbfaaa (Unity) AssertImplementation
0x00007ff9a645d58e (Unity) keywords::LocalKeywordState::ReportIncompatibleKeywordSpace
0x00007ff9a645ddef (Unity) keywords::LocalKeywordState::Union
0x00007ff9a803df80 (Unity) Shader::ResolveLocalState
0x00007ff9a640bc3f (Unity) Material::IsPassCompiled
0x00007ff9a6fe698c (Unity) TilemapRenderer::OnWillRenderObject
0x00007ff9a6feb3a8 (Unity) TilemapRenderer::RendererCullingOutputReady
0x00007ff9a5ffaa62 (Unity) DispatchGeometryJobs
0x00007ff9a626a8b6 (Unity) CullScriptable
0x00007ff9a58ace1b (Unity) ScriptableRenderContext_CUSTOM_Internal_Cull
0x000002580297d706 (Mono JIT Code) (wrapper managed-to-native) UnityEngine.Rendering.ScriptableRenderContext:Internal_Cull_Injected (UnityEngine.Rendering.ScriptableCullingParameters&,UnityEngine.Rendering.ScriptableRenderContext&,intptr)
0x000002580297d5d3 (Mono JIT Code) UnityEngine.Rendering.ScriptableRenderContext:Internal_Cull (UnityEngine.Rendering.ScriptableCullingParameters&,UnityEngine.Rendering.ScriptableRenderContext,intptr)
0x000002580297d3b3 (Mono JIT Code) UnityEngine.Rendering.ScriptableRenderContext:Cull (UnityEngine.Rendering.ScriptableCullingParameters&)
0x0000025802965443 (Mono JIT Code) UnityEngine.Rendering.Universal.UniversalRenderPipeline:RenderSingleCamera (UnityEngine.Rendering.ScriptableRenderContext,UnityEngine.Rendering.Universal.UniversalCameraData) (at ./Library/PackageCache/com.unity.render-pipelines.universal@0b68ece7aa54/Runtime/UniversalRenderPipeline.cs:825)
0x000002580295177b (Mono JIT Code) UnityEngine.Rendering.Universal.UniversalRenderPipeline:RenderSingleCameraInternal (UnityEngine.Rendering.ScriptableRenderContext,UnityEngine.Camera,UnityEngine.Rendering.Universal.UniversalAdditionalCameraData&) (at ./Library/PackageCache/com.unity.render-pipelines.universal@0b68ece7aa54/Runtime/UniversalRenderPipeline.cs:690)
0x0000025802950dab (Mono JIT Code) UnityEngine.Rendering.Universal.UniversalRenderPipeline:RenderSingleCameraInternal (UnityEngine.Rendering.ScriptableRenderContext,UnityEngine.Camera) (at ./Library/PackageCache/com.unity.render-pipelines.universal@0b68ece7aa54/Runtime/UniversalRenderPipeline.cs:665)
0x000002580293c56b (Mono JIT Code) UnityEngine.Rendering.Universal.UniversalRenderPipeline:Render (UnityEngine.Rendering.ScriptableRenderContext,System.Collections.Generic.List`1<UnityEngine.Camera>) (at ./Library/PackageCache/com.unity.render-pipelines.universal@0b68ece7aa54/Runtime/UniversalRenderPipeline.cs:482)
0x000002580293b799 (Mono JIT Code) UnityEngine.Rendering.RenderPipeline:InternalRender (UnityEngine.Rendering.ScriptableRenderContext,System.Collections.Generic.List`1<UnityEngine.Camera>)
0x000002580282a4fb (Mono JIT Code) UnityEngine.Rendering.RenderPipelineManager:DoRenderLoop_Internal (UnityEngine.Rendering.RenderPipelineAsset,intptr,UnityEngine.Object,Unity.Collections.LowLevel.Unsafe.AtomicSafetyHandle)
0x000002580282aa85 (Mono JIT Code) (wrapper runtime-invoke) <Module>:runtime_invoke_void_object_intptr_object_AtomicSafetyHandle (object,intptr,intptr,intptr)
0x00007ff9b37768de (mono-2.0-bdwgc) mono_jit_runtime_invoke (at C:/build/output/Unity-Technologies/mono/mono/mini/mini-runtime.c:3445)
0x00007ff9b36b8404 (mono-2.0-bdwgc) do_runtime_invoke (at C:/build/output/Unity-Technologies/mono/mono/metadata/object.c:3068)
0x00007ff9b36b84f0 (mono-2.0-bdwgc) mono_runtime_invoke (at C:/build/output/Unity-Technologies/mono/mono/metadata/object.c:3115)
0x00007ff9a66be034 (Unity) scripting_method_invoke
0x00007ff9a6695db3 (Unity) ScriptingInvocation::Invoke
0x00007ff9a6691075 (Unity) ScriptingInvocation::Invoke<void>
0x00007ff9a681bbef (Unity) Scripting::UnityEngine::Rendering::RenderPipelineManagerProxy::DoRenderLoop_Internal
0x00007ff9a627591c (Unity) ScriptableRenderContext::ExtractAndExecuteRenderPipeline
0x00007ff9a5fbf1ee (Unity) Camera::CustomRenderWithPipeline
0x00007ff9a5fcc9a4 (Unity) Camera::StandaloneCustomRender
0x00007ff9a5fccc17 (Unity) Camera::StandaloneRender
0x00007ff9a5fc626e (Unity) CameraScripting::Render
0x00007ff9a589cb77 (Unity) Camera_CUSTOM_Render
0x0000025802829f52 (Mono JIT Code) (wrapper managed-to-native) UnityEngine.Camera:Render_Injected (intptr)
0x0000025802829e23 (Mono JIT Code) UnityEngine.Camera:Render ()
0x00000258028286eb (Mono JIT Code) UnityEditor.PreviewRenderUtility:Render (bool,bool)
0x0000025802826183 (Mono JIT Code) UnityEditor.GameObjectInspector:DoRenderPreview (UnityEditor.GameObjectInspector/PreviewData)
0x0000025802811deb (Mono JIT Code) UnityEditor.GameObjectInspector:RenderStaticPreview (string,UnityEngine.Object[],int,int)
0x00000258027b04ba (Mono JIT Code) UnityEditor.AssetPreviewUpdater:CreatePreview (UnityEngine.Object,UnityEngine.Object[],string,int,int)
0x000002580279f74b (Mono JIT Code) UnityEditor.AssetPreviewUpdater:CreatePreviewForAsset (UnityEngine.Object,UnityEngine.Object[],string)
0x000002580279f9b0 (Mono JIT Code) (wrapper runtime-invoke) <Module>:runtime_invoke_object_object_object_object (object,intptr,intptr,intptr)
0x00007ff9b37768de (mono-2.0-bdwgc) mono_jit_runtime_invoke (at C:/build/output/Unity-Technologies/mono/mono/mini/mini-runtime.c:3445)
0x00007ff9b36b8404 (mono-2.0-bdwgc) do_runtime_invoke (at C:/build/output/Unity-Technologies/mono/mono/metadata/object.c:3068)
0x00007ff9b36b84f0 (mono-2.0-bdwgc) mono_runtime_invoke (at C:/build/output/Unity-Technologies/mono/mono/metadata/object.c:3115)
0x00007ff9a66be034 (Unity) scripting_method_invoke
0x00007ff9a6695db3 (Unity) ScriptingInvocation::Invoke
0x00007ff9a7b99cae (Unity) MonoCreateAssetPreview
0x00007ff9a7b9a953 (Unity) WriteAssetPreviewToFile
0x00007ff9a7b9af2b (Unity) WritePreviews
0x00007ff9a7b98a45 (Unity) PreviewImporter::GenerateAssetData
0x00007ff9a7c969a2 (Unity) ImportToObjects
0x00007ff9a7c95818 (Unity) ImportAsset
0x00007ff9a7c33271 (Unity) AssetImportWorker::Import
0x00007ff9a7be4fa4 (Unity) <lambda_319826b16fd6fd0002c11364be971df3>::operator()
0x00007ff9a7cc9e5e (Unity) asio::detail::completion_handler<core::mutable_function<void __cdecl(void)>,asio::io_context::basic_executor_type<std::allocator<void>,0> >::do_complete
0x00007ff9a7cb76ea (Unity) asio::detail::win_iocp_io_context::do_one
0x00007ff9a7cb8a54 (Unity) asio::detail::win_iocp_io_context::run
0x00007ff9a7cc847c (Unity) IOService::Run
0x00007ff9a7c107a6 (Unity) RunAssetImportWorkerClientV2
0x00007ff9a7c1086b (Unity) RunAssetImporterV2
0x00007ff9a741a0e8 (Unity) Application::InitializeProject
0x00007ff9a7a219a5 (Unity) UnityMain
0x00007ff67bde2fba (Unity) __scrt_common_main_seh
0x00007ffaa24fe8d7 (KERNEL32) BaseThreadInitThunk
0x00007ffaa3c08d9c (ntdll) RtlUserThreadStart

Incompatible keyword states
UnityEngine.Debug:ExtractStackTraceNoAlloc (byte*,int,string)
UnityEngine.StackTraceUtility:ExtractStackTrace ()
UnityEngine.Rendering.ScriptableRenderContext:Internal_Cull (UnityEngine.Rendering.ScriptableCullingParameters&,UnityEngine.Rendering.ScriptableRenderContext,intptr)
UnityEngine.Rendering.ScriptableRenderContext:Cull (UnityEngine.Rendering.ScriptableCullingParameters&)
UnityEngine.Rendering.Universal.UniversalRenderPipeline:RenderSingleCamera (UnityEngine.Rendering.ScriptableRenderContext,UnityEngine.Rendering.Universal.UniversalCameraData) (at ./Library/PackageCache/com.unity.render-pipelines.universal@0b68ece7aa54/Runtime/UniversalRenderPipeline.cs:825)
UnityEngine.Rendering.Universal.UniversalRenderPipeline:RenderSingleCameraInternal (UnityEngine.Rendering.ScriptableRenderContext,UnityEngine.Camera,UnityEngine.Rendering.Universal.UniversalAdditionalCameraData&) (at ./Library/PackageCache/com.unity.render-pipelines.universal@0b68ece7aa54/Runtime/UniversalRenderPipeline.cs:690)
UnityEngine.Rendering.Universal.UniversalRenderPipeline:RenderSingleCameraInternal (UnityEngine.Rendering.ScriptableRenderContext,UnityEngine.Camera) (at ./Library/PackageCache/com.unity.render-pipelines.universal@0b68ece7aa54/Runtime/UniversalRenderPipeline.cs:665)
UnityEngine.Rendering.Universal.UniversalRenderPipeline:Render (UnityEngine.Rendering.ScriptableRenderContext,System.Collections.Generic.List`1<UnityEngine.Camera>) (at ./Library/PackageCache/com.unity.render-pipelines.universal@0b68ece7aa54/Runtime/UniversalRenderPipeline.cs:482)
UnityEngine.Rendering.RenderPipeline:InternalRender (UnityEngine.Rendering.ScriptableRenderContext,System.Collections.Generic.List`1<UnityEngine.Camera>)
UnityEngine.Rendering.RenderPipelineManager:DoRenderLoop_Internal (UnityEngine.Rendering.RenderPipelineAsset,intptr,UnityEngine.Object,Unity.Collections.LowLevel.Unsafe.AtomicSafetyHandle)
UnityEngine.Camera:Render ()
UnityEditor.PreviewRenderUtility:Render (bool,bool)
UnityEditor.GameObjectInspector:DoRenderPreview (UnityEditor.GameObjectInspector/PreviewData)
UnityEditor.GameObjectInspector:RenderStaticPreview (string,UnityEngine.Object[],int,int)
UnityEditor.AssetPreviewUpdater:CreatePreview (UnityEngine.Object,UnityEngine.Object[],string,int,int)
UnityEditor.AssetPreviewUpdater:CreatePreviewForAsset (UnityEngine.Object,UnityEngine.Object[],string)

[./Library/PackageCache/com.unity.render-pipelines.universal@0b68ece7aa54/Runtime/UniversalRenderPipeline.cs line 825]

 -> (artifact id: 'ba8a38ac6bea7f0ea23263a4cc8f3cca') in 3.6406456 seconds
Number of updated asset objects reloaded before import = 0Number of asset objects unloaded after import = 11

========================================================================
Received Import Request.
  Time since last request: 32.583415 seconds.
  path: Assets/Sprite/Tilemap
  artifactKey: Guid(71130797a2fe0bb4d9b4a7e29f529f1a) Importer(815301076,1909f56bfc062723c751e8b465ee728b)
Start importing Assets/Sprite/Tilemap using Guid(71130797a2fe0bb4d9b4a7e29f529f1a) Importer(815301076,1909f56bfc062723c751e8b465ee728b) (PreviewImporter) -> (artifact id: 'd95eaa87e911693a5f2bb81718d4e0a0') in 0.0010944 seconds
Number of updated asset objects reloaded before import = 0Number of asset objects unloaded after import = 0

========================================================================
Received Import Request.
  Time since last request: 0.044824 seconds.
  path: Assets/Sprite/Tilemap/Terrain (32x32)_0.asset
  artifactKey: Guid(4bb8329eb36492944ace5e4080fd33b1) Importer(815301076,1909f56bfc062723c751e8b465ee728b)
Start importing Assets/Sprite/Tilemap/Terrain (32x32)_0.asset using Guid(4bb8329eb36492944ace5e4080fd33b1) Importer(815301076,1909f56bfc062723c751e8b465ee728b) (PreviewImporter) -> (artifact id: '29a37141ad5fe74228b32021af718c02') in 0.0711847 seconds
Number of updated asset objects reloaded before import = 0Number of asset objects unloaded after import = 3

========================================================================
Received Import Request.
  Time since last request: 0.000029 seconds.
  path: Assets/Sprite/Tilemap/Terrain (32x32)_26.asset
  artifactKey: Guid(64af762addc3f91448d89f10143f8dc8) Importer(815301076,1909f56bfc062723c751e8b465ee728b)
Start importing Assets/Sprite/Tilemap/Terrain (32x32)_26.asset using Guid(64af762addc3f91448d89f10143f8dc8) Importer(815301076,1909f56bfc062723c751e8b465ee728b) (PreviewImporter) -> (artifact id: '460b643b09e0b8a276c6d0b2bc743bf9') in 0.0427032 seconds
Number of updated asset objects reloaded before import = 0Number of asset objects unloaded after import = 3

========================================================================
Received Import Request.
  Time since last request: 0.000027 seconds.
  path: Assets/Sprite/Tilemap/Terrain (32x32)_30.asset
  artifactKey: Guid(a1b5531983745d1428d0c6b0309707ae) Importer(815301076,1909f56bfc062723c751e8b465ee728b)
Start importing Assets/Sprite/Tilemap/Terrain (32x32)_30.asset using Guid(a1b5531983745d1428d0c6b0309707ae) Importer(815301076,1909f56bfc062723c751e8b465ee728b) (PreviewImporter) -> (artifact id: '1006c9e23421fa54f9893081b5fb85ca') in 0.0380203 seconds
Number of updated asset objects reloaded before import = 0Number of asset objects unloaded after import = 3

========================================================================
Received Import Request.
  Time since last request: 0.000051 seconds.
  path: Assets/Sprite/Tilemap/Terrain (32x32)_37.asset
  artifactKey: Guid(c8fc7c288567ae845838653a00be730e) Importer(815301076,1909f56bfc062723c751e8b465ee728b)
Start importing Assets/Sprite/Tilemap/Terrain (32x32)_37.asset using Guid(c8fc7c288567ae845838653a00be730e) Importer(815301076,1909f56bfc062723c751e8b465ee728b) (PreviewImporter) -> (artifact id: '2a2795cb4e10015098a98d488a6d9dcb') in 0.0355266 seconds
Number of updated asset objects reloaded before import = 0Number of asset objects unloaded after import = 3

========================================================================
Received Import Request.
  Time since last request: 0.000044 seconds.
  path: Assets/Sprite/Tilemap/Terrain (32x32)_44.asset
  artifactKey: Guid(5c6ff23e1cbacbd4abbe52dc2dcf2534) Importer(815301076,1909f56bfc062723c751e8b465ee728b)
Start importing Assets/Sprite/Tilemap/Terrain (32x32)_44.asset using Guid(5c6ff23e1cbacbd4abbe52dc2dcf2534) Importer(815301076,1909f56bfc062723c751e8b465ee728b) (PreviewImporter) -> (artifact id: '2676e1cd85469b393a9458e5fd4cd701') in 0.0378368 seconds
Number of updated asset objects reloaded before import = 0Number of asset objects unloaded after import = 3

========================================================================
Received Import Request.
  Time since last request: 0.000037 seconds.
  path: Assets/Sprite/Tilemap/Terrain (32x32)_42.asset
  artifactKey: Guid(789b432ac02eebf41bf1914237944bc3) Importer(815301076,1909f56bfc062723c751e8b465ee728b)
Start importing Assets/Sprite/Tilemap/Terrain (32x32)_42.asset using Guid(789b432ac02eebf41bf1914237944bc3) Importer(815301076,1909f56bfc062723c751e8b465ee728b) (PreviewImporter) -> (artifact id: '514fc4902c81fa12d3900a2c50197fcf') in 0.0348056 seconds
Number of updated asset objects reloaded before import = 0Number of asset objects unloaded after import = 3

========================================================================
Received Import Request.
  Time since last request: 0.000039 seconds.
  path: Assets/Sprite/Tilemap/Terrain (32x32)_9.asset
  artifactKey: Guid(dd6555b08051c98428eb40f0845411fb) Importer(815301076,1909f56bfc062723c751e8b465ee728b)
Start importing Assets/Sprite/Tilemap/Terrain (32x32)_9.asset using Guid(dd6555b08051c98428eb40f0845411fb) Importer(815301076,1909f56bfc062723c751e8b465ee728b) (PreviewImporter) -> (artifact id: 'fd6f3c6b0903e773b4844753acc0ed0d') in 0.0435974 seconds
Number of updated asset objects reloaded before import = 0Number of asset objects unloaded after import = 3

========================================================================
Received Import Request.
  Time since last request: 0.000027 seconds.
  path: Assets/Sprite/Tilemap/Terrain (32x32)_49.asset
  artifactKey: Guid(c6758bf88351d2a4dba4b4f42c6d651a) Importer(815301076,1909f56bfc062723c751e8b465ee728b)
Start importing Assets/Sprite/Tilemap/Terrain (32x32)_49.asset using Guid(c6758bf88351d2a4dba4b4f42c6d651a) Importer(815301076,1909f56bfc062723c751e8b465ee728b) (PreviewImporter) -> (artifact id: '8ad1e77b3c4738a1a483c5d969cbec73') in 0.0334531 seconds
Number of updated asset objects reloaded before import = 0Number of asset objects unloaded after import = 3

========================================================================
Received Import Request.
  Time since last request: 0.000053 seconds.
  path: Assets/Sprite/Tilemap/Terrain (32x32)_33.asset
  artifactKey: Guid(8854ab374b9110747bc6466e779cb8d7) Importer(815301076,1909f56bfc062723c751e8b465ee728b)
Start importing Assets/Sprite/Tilemap/Terrain (32x32)_33.asset using Guid(8854ab374b9110747bc6466e779cb8d7) Importer(815301076,1909f56bfc062723c751e8b465ee728b) (PreviewImporter) -> (artifact id: 'd10bd5cc8ef8977bc36d8d462e317bff') in 0.0299602 seconds
Number of updated asset objects reloaded before import = 0Number of asset objects unloaded after import = 3

========================================================================
Received Import Request.
  Time since last request: 0.000024 seconds.
  path: Assets/Sprite/Tilemap/Terrain (32x32)_29.asset
  artifactKey: Guid(68797a9080667494b9a4cbf7cd2cd1af) Importer(815301076,1909f56bfc062723c751e8b465ee728b)
Start importing Assets/Sprite/Tilemap/Terrain (32x32)_29.asset using Guid(68797a9080667494b9a4cbf7cd2cd1af) Importer(815301076,1909f56bfc062723c751e8b465ee728b) (PreviewImporter) -> (artifact id: '1eb095c2e873841c3521de33a284ae58') in 0.0328689 seconds
Number of updated asset objects reloaded before import = 0Number of asset objects unloaded after import = 3

========================================================================
Received Import Request.
  Time since last request: 0.000032 seconds.
  path: Assets/Sprite/Tilemap/Terrain (32x32)_10.asset
  artifactKey: Guid(154b8a0a2fb277b4aada59a3fd1fd9d6) Importer(815301076,1909f56bfc062723c751e8b465ee728b)
Start importing Assets/Sprite/Tilemap/Terrain (32x32)_10.asset using Guid(154b8a0a2fb277b4aada59a3fd1fd9d6) Importer(815301076,1909f56bfc062723c751e8b465ee728b) (PreviewImporter) -> (artifact id: 'c10ab956a1c48751ed0f431d1fa922c0') in 0.0324756 seconds
Number of updated asset objects reloaded before import = 0Number of asset objects unloaded after import = 3

========================================================================
Received Import Request.
  Time since last request: 0.000038 seconds.
  path: Assets/Sprite/Tilemap/Terrain (32x32)_38.asset
  artifactKey: Guid(4a6bdf0cb09f4014ead0ce68d5448057) Importer(815301076,1909f56bfc062723c751e8b465ee728b)
Start importing Assets/Sprite/Tilemap/Terrain (32x32)_38.asset using Guid(4a6bdf0cb09f4014ead0ce68d5448057) Importer(815301076,1909f56bfc062723c751e8b465ee728b) (PreviewImporter) -> (artifact id: 'add0e98a72995815ee50f878b3979020') in 0.0143843 seconds
Number of updated asset objects reloaded before import = 0Number of asset objects unloaded after import = 3

========================================================================
Received Import Request.
  Time since last request: 0.000037 seconds.
  path: Assets/Sprite/Tilemap/Terrain (32x32)_4.asset
  artifactKey: Guid(538cd50ff04eb1b4dbcce855267189a7) Importer(815301076,1909f56bfc062723c751e8b465ee728b)
Start importing Assets/Sprite/Tilemap/Terrain (32x32)_4.asset using Guid(538cd50ff04eb1b4dbcce855267189a7) Importer(815301076,1909f56bfc062723c751e8b465ee728b) (PreviewImporter) -> (artifact id: 'f7ccc45a67e5bb2c1081714a2144b731') in 0.0322037 seconds
Number of updated asset objects reloaded before import = 0Number of asset objects unloaded after import = 3

========================================================================
Received Import Request.
  Time since last request: 0.000049 seconds.
  path: Assets/Sprite/Tilemap/Terrain (32x32)_22.asset
  artifactKey: Guid(488153ada87aa0d49a4859ccbbc70c56) Importer(815301076,1909f56bfc062723c751e8b465ee728b)
Start importing Assets/Sprite/Tilemap/Terrain (32x32)_22.asset using Guid(488153ada87aa0d49a4859ccbbc70c56) Importer(815301076,1909f56bfc062723c751e8b465ee728b) (PreviewImporter) -> (artifact id: '808c344fd27e934f907bdbae3723e176') in 0.0308179 seconds
Number of updated asset objects reloaded before import = 0Number of asset objects unloaded after import = 3

========================================================================
Received Import Request.
  Time since last request: 0.000052 seconds.
  path: Assets/Sprite/Tilemap/Terrain (32x32)_7.asset
  artifactKey: Guid(c31759b7ebec5104eb238ff1ad5fa976) Importer(815301076,1909f56bfc062723c751e8b465ee728b)
Start importing Assets/Sprite/Tilemap/Terrain (32x32)_7.asset using Guid(c31759b7ebec5104eb238ff1ad5fa976) Importer(815301076,1909f56bfc062723c751e8b465ee728b) (PreviewImporter) -> (artifact id: 'ab7623b62a73d71cd858e8c4e4add729') in 0.0313804 seconds
Number of updated asset objects reloaded before import = 0Number of asset objects unloaded after import = 3

========================================================================
Received Import Request.
  Time since last request: 0.000035 seconds.
  path: Assets/Sprite/Tilemap/Terrain (32x32)_35.asset
  artifactKey: Guid(585007ff2759ba54eb22a1a0f9ef3143) Importer(815301076,1909f56bfc062723c751e8b465ee728b)
Start importing Assets/Sprite/Tilemap/Terrain (32x32)_35.asset using Guid(585007ff2759ba54eb22a1a0f9ef3143) Importer(815301076,1909f56bfc062723c751e8b465ee728b) (PreviewImporter) -> (artifact id: '117baef7e739837c908a32f4403d134a') in 0.0370624 seconds
Number of updated asset objects reloaded before import = 0Number of asset objects unloaded after import = 3

========================================================================
Received Import Request.
  Time since last request: 0.000051 seconds.
  path: Assets/Sprite/Tilemap/Terrain (32x32)_3.asset
  artifactKey: Guid(c22e5f96964bf684ba4a3c3ed222dd73) Importer(815301076,1909f56bfc062723c751e8b465ee728b)
Start importing Assets/Sprite/Tilemap/Terrain (32x32)_3.asset using Guid(c22e5f96964bf684ba4a3c3ed222dd73) Importer(815301076,1909f56bfc062723c751e8b465ee728b) (PreviewImporter) -> (artifact id: '78b882354877021839ecf571298b9db0') in 0.032613 seconds
Number of updated asset objects reloaded before import = 0Number of asset objects unloaded after import = 3

========================================================================
Received Import Request.
  Time since last request: 0.000111 seconds.
  path: Assets/Sprite/Tilemap/Terrain (32x32)_40.asset
  artifactKey: Guid(c7f2bd3134fa6e149aebfffff1baa50a) Importer(815301076,1909f56bfc062723c751e8b465ee728b)
Start importing Assets/Sprite/Tilemap/Terrain (32x32)_40.asset using Guid(c7f2bd3134fa6e149aebfffff1baa50a) Importer(815301076,1909f56bfc062723c751e8b465ee728b) (PreviewImporter) -> (artifact id: '2f1bd11afced191de91e2a94c10c2e71') in 0.034811 seconds
Number of updated asset objects reloaded before import = 0Number of asset objects unloaded after import = 3

========================================================================
Received Import Request.
  Time since last request: 0.000065 seconds.
  path: Assets/Sprite/Tilemap/Terrain (32x32)_45.asset
  artifactKey: Guid(2c6edf652f4fa9b48ba1e53ea72c385c) Importer(815301076,1909f56bfc062723c751e8b465ee728b)
Start importing Assets/Sprite/Tilemap/Terrain (32x32)_45.asset using Guid(2c6edf652f4fa9b48ba1e53ea72c385c) Importer(815301076,1909f56bfc062723c751e8b465ee728b) (PreviewImporter) -> (artifact id: '34203ed162994881b600c2667ccd6e73') in 0.031088 seconds
Number of updated asset objects reloaded before import = 0Number of asset objects unloaded after import = 3

========================================================================
Received Import Request.
  Time since last request: 0.000031 seconds.
  path: Assets/Sprite/Tilemap/Terrain (32x32)_14.asset
  artifactKey: Guid(a2c1ffae2775c094ab2bc2c8e3510645) Importer(815301076,1909f56bfc062723c751e8b465ee728b)
Start importing Assets/Sprite/Tilemap/Terrain (32x32)_14.asset using Guid(a2c1ffae2775c094ab2bc2c8e3510645) Importer(815301076,1909f56bfc062723c751e8b465ee728b) (PreviewImporter) -> (artifact id: 'c927ccc27af94ece613d830283335186') in 0.0292527 seconds
Number of updated asset objects reloaded before import = 0Number of asset objects unloaded after import = 3

========================================================================
Received Import Request.
  Time since last request: 0.000029 seconds.
  path: Assets/Sprite/Tilemap/Terrain (32x32)_6.asset
  artifactKey: Guid(0e53f2e83c55980438d3500355428807) Importer(815301076,1909f56bfc062723c751e8b465ee728b)
Start importing Assets/Sprite/Tilemap/Terrain (32x32)_6.asset using Guid(0e53f2e83c55980438d3500355428807) Importer(815301076,1909f56bfc062723c751e8b465ee728b) (PreviewImporter) -> (artifact id: 'fa055d177f79aae65b91a15304a68609') in 0.0290388 seconds
Number of updated asset objects reloaded before import = 0Number of asset objects unloaded after import = 3

========================================================================
Received Import Request.
  Time since last request: 0.000046 seconds.
  path: Assets/Sprite/Tilemap/Terrain (32x32)_34.asset
  artifactKey: Guid(6b8d803f8ece7354696ba6e9d0140118) Importer(815301076,1909f56bfc062723c751e8b465ee728b)
Start importing Assets/Sprite/Tilemap/Terrain (32x32)_34.asset using Guid(6b8d803f8ece7354696ba6e9d0140118) Importer(815301076,1909f56bfc062723c751e8b465ee728b) (PreviewImporter) -> (artifact id: '2e281579c6a861be7c50e73cc57bd1e5') in 0.0093805 seconds
Number of updated asset objects reloaded before import = 0Number of asset objects unloaded after import = 3

========================================================================
Received Import Request.
  Time since last request: 0.000036 seconds.
  path: Assets/Sprite/Tilemap/Terrain (32x32)_18.asset
  artifactKey: Guid(5dbf47b8702e4644e8fb28697829b1df) Importer(815301076,1909f56bfc062723c751e8b465ee728b)
Start importing Assets/Sprite/Tilemap/Terrain (32x32)_18.asset using Guid(5dbf47b8702e4644e8fb28697829b1df) Importer(815301076,1909f56bfc062723c751e8b465ee728b) (PreviewImporter) -> (artifact id: '6d9c3e67dd46e9054c637e6e654fb1d7') in 0.0124638 seconds
Number of updated asset objects reloaded before import = 0Number of asset objects unloaded after import = 3

========================================================================
Received Import Request.
  Time since last request: 0.000056 seconds.
  path: Assets/Sprite/Tilemap/Terrain (32x32)_20.asset
  artifactKey: Guid(4f7153262c9df8243aeb04471cc530dd) Importer(815301076,1909f56bfc062723c751e8b465ee728b)
Start importing Assets/Sprite/Tilemap/Terrain (32x32)_20.asset using Guid(4f7153262c9df8243aeb04471cc530dd) Importer(815301076,1909f56bfc062723c751e8b465ee728b) (PreviewImporter) -> (artifact id: '915f56319456e416210f2d2aa4ae7332') in 0.0280629 seconds
Number of updated asset objects reloaded before import = 0Number of asset objects unloaded after import = 3

========================================================================
Received Import Request.
  Time since last request: 0.000046 seconds.
  path: Assets/Sprite/Tilemap/Terrain (32x32)_47.asset
  artifactKey: Guid(7960580710f7ab24d8e4054b658a9e78) Importer(815301076,1909f56bfc062723c751e8b465ee728b)
Start importing Assets/Sprite/Tilemap/Terrain (32x32)_47.asset using Guid(7960580710f7ab24d8e4054b658a9e78) Importer(815301076,1909f56bfc062723c751e8b465ee728b) (PreviewImporter) -> (artifact id: 'e2693fe8b908629309106aefcc7dbf70') in 0.0101931 seconds
Number of updated asset objects reloaded before import = 0Number of asset objects unloaded after import = 3

========================================================================
Received Import Request.
  Time since last request: 0.000048 seconds.
  path: Assets/Sprite/Tilemap/Terrain (32x32)_31.asset
  artifactKey: Guid(616c614143df6f74eb5fcb018b7e514c) Importer(815301076,1909f56bfc062723c751e8b465ee728b)
Start importing Assets/Sprite/Tilemap/Terrain (32x32)_31.asset using Guid(616c614143df6f74eb5fcb018b7e514c) Importer(815301076,1909f56bfc062723c751e8b465ee728b) (PreviewImporter) -> (artifact id: 'e564cea0d3cbd5cb5ed197e017b5a676') in 0.033644 seconds
Number of updated asset objects reloaded before import = 0Number of asset objects unloaded after import = 3

========================================================================
Received Import Request.
  Time since last request: 7.662227 seconds.
  path: Assets/Sprite/Tilemap/Background.prefab
  artifactKey: Guid(bced7db5fb0420444b936b3a4f1f6576) Importer(815301076,1909f56bfc062723c751e8b465ee728b)
Start importing Assets/Sprite/Tilemap/Background.prefab using Guid(bced7db5fb0420444b936b3a4f1f6576) Importer(815301076,1909f56bfc062723c751e8b465ee728b) (PreviewImporter) -> (artifact id: '4169d437a2e605c0ea56ca973c811e26') in 0.1235635 seconds
Number of updated asset objects reloaded before import = 0Number of asset objects unloaded after import = 763

========================================================================
Received Import Request.
  Time since last request: 91.304040 seconds.
  path: Assets/Sprite/Background/Terrain (32x32).png
  artifactKey: Guid(8612e3ee9bc42df4284d034a451add42) Importer(815301076,1909f56bfc062723c751e8b465ee728b)
Start importing Assets/Sprite/Background/Terrain (32x32).png using Guid(8612e3ee9bc42df4284d034a451add42) Importer(815301076,1909f56bfc062723c751e8b465ee728b) (PreviewImporter) -> (artifact id: '642f422559ab5f5680f77fb1605b279e') in 1.0586319 seconds
Number of updated asset objects reloaded before import = 0Number of asset objects unloaded after import = 378

========================================================================
Received Import Request.
  Time since last request: 429.492587 seconds.
  path: ProjectSettings/TagManager.asset
  artifactKey: Guid(00000000000000003000000000000000) Importer(815301076,1909f56bfc062723c751e8b465ee728b)
Start importing ProjectSettings/TagManager.asset using Guid(00000000000000003000000000000000) Importer(815301076,1909f56bfc062723c751e8b465ee728b) (PreviewImporter) -> (artifact id: '77f9dd6f28fd7527787506f1412fa193') in 0.003253 seconds
Number of updated asset objects reloaded before import = 0Number of asset objects unloaded after import = 0

========================================================================
Received Prepare
Begin MonoManager ReloadAssembly
- Loaded All Assemblies, in  1.059 seconds
Refreshing native plugins compatible for Editor in 1.51 ms, found 4 plugins.
Native extension for Android target not found
Native extension for WindowsStandalone target not found
Native extension for WebGL target not found
Mono: successfully reloaded assembly
- Finished resetting the current domain, in  1.476 seconds
Domain Reload Profiling: 2536ms
	BeginReloadAssembly (305ms)
		ExecutionOrderSort (0ms)
		DisableScriptedObjects (35ms)
		BackupInstance (0ms)
		ReleaseScriptingObjects (0ms)
		CreateAndSetChildDomain (79ms)
	RebuildCommonClasses (42ms)
	RebuildNativeTypeToScriptingClass (14ms)
	initialDomainReloadingComplete (38ms)
	LoadAllAssembliesAndSetupDomain (660ms)
		LoadAssemblies (570ms)
		RebuildTransferFunctionScriptingTraits (0ms)
		AnalyzeDomain (232ms)
			TypeCache.Refresh (8ms)
				TypeCache.ScanAssembly (0ms)
			BuildScriptInfoCaches (205ms)
			ResolveRequiredComponents (13ms)
	FinalizeReload (1477ms)
		ReleaseScriptCaches (0ms)
		RebuildScriptCaches (0ms)
		SetupLoadedEditorAssemblies (1176ms)
			LogAssemblyErrors (0ms)
			InitializePlatformSupportModulesInManaged (20ms)
			SetLoadedEditorAssemblies (6ms)
			BeforeProcessingInitializeOnLoad (216ms)
			ProcessInitializeOnLoadAttributes (811ms)
			ProcessInitializeOnLoadMethodAttributes (114ms)
			AfterProcessingInitializeOnLoad (8ms)
			EditorAssembliesLoaded (1ms)
		ExecutionOrderSort2 (0ms)
		AwakeInstancesAfterBackupRestoration (24ms)
Refreshing native plugins compatible for Editor in 2.40 ms, found 4 plugins.
Preloading 0 native plugins for Editor in 0.00 ms.
Unloading 40 Unused Serialized files (Serialized files now loaded: 0)
Unloading 6701 unused Assets / (8.0 MB). Loaded Objects now: 7406.
Memory consumption went from 157.5 MB to 149.6 MB.
Total: 16.570500 ms (FindLiveObjects: 0.855400 ms CreateObjectMapping: 1.320700 ms MarkObjects: 7.782600 ms  DeleteObjects: 6.609400 ms)

Prepare: number of updated asset objects reloaded= 0
========================================================================
Received Import Request.
  Time since last request: 205.377666 seconds.
  path: Assets/Sprite/Charactor
  artifactKey: Guid(5181d9b8ad5f99e4caeafa5b0b081f41) Importer(815301076,1909f56bfc062723c751e8b465ee728b)
Start importing Assets/Sprite/Charactor using Guid(5181d9b8ad5f99e4caeafa5b0b081f41) Importer(815301076,1909f56bfc062723c751e8b465ee728b) (PreviewImporter) -> (artifact id: '66f289c7811c21e2d257d0d349af5ff8') in 0.0047138 seconds
Number of updated asset objects reloaded before import = 0Number of asset objects unloaded after import = 0

========================================================================
Received Import Request.
  Time since last request: 34.074897 seconds.
  path: Assets/Sprite/Charactor/Attack (78x58).png
  artifactKey: Guid(bb14a5c290242804c9ba3663ae1d6faf) Importer(815301076,1909f56bfc062723c751e8b465ee728b)
Start importing Assets/Sprite/Charactor/Attack (78x58).png using Guid(bb14a5c290242804c9ba3663ae1d6faf) Importer(815301076,1909f56bfc062723c751e8b465ee728b) (PreviewImporter) -> (artifact id: 'fc1acb5b01e6a93af647eb90a77294b0') in 0.1695538 seconds
Number of updated asset objects reloaded before import = 0Number of asset objects unloaded after import = 7

========================================================================
Received Import Request.
  Time since last request: 0.000367 seconds.
  path: Assets/Sprite/Charactor/Run (78x58).png
  artifactKey: Guid(a543c4a89210ccd4b92dad58e994356d) Importer(815301076,1909f56bfc062723c751e8b465ee728b)
Start importing Assets/Sprite/Charactor/Run (78x58).png using Guid(a543c4a89210ccd4b92dad58e994356d) Importer(815301076,1909f56bfc062723c751e8b465ee728b) (PreviewImporter) -> (artifact id: '0208470e130d48cba61b8ca84103136c') in 0.1439732 seconds
Number of updated asset objects reloaded before import = 0Number of asset objects unloaded after import = 10

========================================================================
Received Import Request.
  Time since last request: 0.000034 seconds.
  path: Assets/Sprite/Charactor/Door In (78x58).png
  artifactKey: Guid(68b3246e2a4220f4eac3b01b0c489f97) Importer(815301076,1909f56bfc062723c751e8b465ee728b)
Start importing Assets/Sprite/Charactor/Door In (78x58).png using Guid(68b3246e2a4220f4eac3b01b0c489f97) Importer(815301076,1909f56bfc062723c751e8b465ee728b) (PreviewImporter) -> (artifact id: 'ce5ed43f8d5432ff804cf54f3a06dd55') in 0.0906158 seconds
Number of updated asset objects reloaded before import = 0Number of asset objects unloaded after import = 10

========================================================================
Received Import Request.
  Time since last request: 0.000035 seconds.
  path: Assets/Sprite/Charactor/Jump (78x58).png
  artifactKey: Guid(0f6c19ed8a80cd7428ebba553f6fa40b) Importer(815301076,1909f56bfc062723c751e8b465ee728b)
Start importing Assets/Sprite/Charactor/Jump (78x58).png using Guid(0f6c19ed8a80cd7428ebba553f6fa40b) Importer(815301076,1909f56bfc062723c751e8b465ee728b) (PreviewImporter) -> (artifact id: '74e7959b9011bf8c4ab5d80e0ae8c894') in 0.0323832 seconds
Number of updated asset objects reloaded before import = 0Number of asset objects unloaded after import = 3

========================================================================
Received Import Request.
  Time since last request: 0.000022 seconds.
  path: Assets/Sprite/Charactor/Idle (78x58).png
  artifactKey: Guid(e5caba026f7a32342a2300ea74a32787) Importer(815301076,1909f56bfc062723c751e8b465ee728b)
Start importing Assets/Sprite/Charactor/Idle (78x58).png using Guid(e5caba026f7a32342a2300ea74a32787) Importer(815301076,1909f56bfc062723c751e8b465ee728b) (PreviewImporter) -> (artifact id: '9c2d98fbba98e01ca9f79c63d5e76100') in 0.0622722 seconds
Number of updated asset objects reloaded before import = 0Number of asset objects unloaded after import = 13

========================================================================
Received Import Request.
  Time since last request: 28.133944 seconds.
  path: Assets/Sprite/Charactor/King/Attack (78x58).png
  artifactKey: Guid(bb14a5c290242804c9ba3663ae1d6faf) Importer(815301076,1909f56bfc062723c751e8b465ee728b)
Start importing Assets/Sprite/Charactor/King/Attack (78x58).png using Guid(bb14a5c290242804c9ba3663ae1d6faf) Importer(815301076,1909f56bfc062723c751e8b465ee728b) (PreviewImporter) -> (artifact id: '13258973e641b3971ee74ca2fcc0e211') in 0.1646424 seconds
Number of updated asset objects reloaded before import = 0Number of asset objects unloaded after import = 7

========================================================================
Received Import Request.
  Time since last request: 0.000032 seconds.
  path: Assets/Sprite/Charactor/King/Run (78x58).png
  artifactKey: Guid(a543c4a89210ccd4b92dad58e994356d) Importer(815301076,1909f56bfc062723c751e8b465ee728b)
Start importing Assets/Sprite/Charactor/King/Run (78x58).png using Guid(a543c4a89210ccd4b92dad58e994356d) Importer(815301076,1909f56bfc062723c751e8b465ee728b) (PreviewImporter) -> (artifact id: 'f60c0cef6316fa7f0f48749cb151dcb9') in 0.0502952 seconds
Number of updated asset objects reloaded before import = 0Number of asset objects unloaded after import = 10

========================================================================
Received Import Request.
  Time since last request: 0.000032 seconds.
  path: Assets/Sprite/Charactor/King/Fall (78x58).png
  artifactKey: Guid(945f3a244965d1c4bb5919c1e1778ceb) Importer(815301076,1909f56bfc062723c751e8b465ee728b)
Start importing Assets/Sprite/Charactor/King/Fall (78x58).png using Guid(945f3a244965d1c4bb5919c1e1778ceb) Importer(815301076,1909f56bfc062723c751e8b465ee728b) (PreviewImporter) -> (artifact id: 'da3f5cce7c9b633dfb30de2575aeb392') in 0.0307654 seconds
Number of updated asset objects reloaded before import = 0Number of asset objects unloaded after import = 3

Editor requested this worker to shutdown with reason: Scaling down because of idle timeout
AssetImportWorker is now disconnected from the server
Process exiting
Exiting without the bug reporter. Application will terminate with return code 0